SF:lib/database/database.g.dart
DA:11,1
DA:14,2
DA:15,1
DA:20,1
DA:24,2
DA:25,1
DA:30,2
DA:31,1
DA:35,1
DA:36,4
DA:37,1
DA:38,2
DA:39,1
DA:42,1
DA:45,1
DA:46,1
DA:47,1
DA:48,0
DA:50,1
DA:51,1
DA:52,3
DA:54,0
DA:56,1
DA:57,0
DA:58,0
DA:63,1
DA:64,1
DA:65,1
DA:67,0
DA:68,1
DA:69,2
DA:70,3
DA:71,2
DA:72,3
DA:73,2
DA:74,3
DA:78,0
DA:80,0
DA:88,1
DA:90,0
DA:92,0
DA:93,0
DA:94,0
DA:95,0
DA:99,0
DA:100,0
DA:101,0
DA:102,0
DA:103,0
DA:107,0
DA:109,0
DA:110,0
DA:111,0
DA:112,0
DA:113,0
DA:116,0
DA:118,0
DA:119,0
DA:120,0
DA:121,0
DA:122,0
DA:126,0
DA:127,0
DA:128,0
DA:129,0
DA:130,0
DA:132,0
DA:133,0
DA:134,0
DA:135,0
DA:136,0
DA:140,0
DA:142,0
DA:143,0
DA:144,0
DA:145,0
DA:146,0
DA:147,0
DA:150,0
DA:151,0
DA:152,0
DA:155,0
DA:156,0
DA:157,0
DA:158,0
DA:165,0
DA:170,1
DA:174,1
DA:175,0
DA:180,0
DA:181,0
DA:182,0
DA:183,0
DA:187,0
DA:189,0
DA:190,0
DA:191,0
DA:192,0
DA:196,1
DA:198,1
DA:199,2
DA:200,0
DA:202,2
DA:203,4
DA:205,2
DA:206,0
DA:211,0
DA:213,0
DA:214,0
DA:215,0
DA:216,0
DA:217,0
DA:218,0
DA:223,2
DA:224,0
DA:225,2
DA:226,0
DA:228,0
DA:229,1
DA:230,2
DA:248,0
DA:255,0
DA:256,0
DA:258,0
DA:259,0
DA:261,0
DA:262,0
DA:267,0
DA:274,0
DA:275,0
DA:277,0
DA:278,0
DA:280,0
DA:281,0
DA:286,0
DA:293,0
DA:294,0
DA:296,0
DA:297,0
DA:299,0
DA:300,0
DA:315,0
DA:316,0
DA:319,0
DA:320,0
DA:321,0
DA:322,0
DA:323,0
DA:324,0
DA:325,0
DA:330,0
DA:335,0
DA:340,0
DA:345,0
DA:346,0
DA:347,0
DA:367,0
DA:368,0
DA:369,0
LF:159
LH:44
end_of_record
SF:lib/database/database.dart
DA:11,0
DA:12,0
DA:13,0
DA:18,0
DA:20,1
DA:23,1
DA:26,1
DA:27,4
DA:33,1
DA:34,3
DA:39,0
DA:40,0
DA:41,0
DA:42,0
DA:43,0
LF:15
LH:6
end_of_record
